<?xml version="1.0" encoding="UTF-8"?>
<testsuite xmlns:xsi="http://www.w3.org/2001/XMLSchema-instance" xsi:noNamespaceSchemaLocation="https://maven.apache.org/surefire/maven-surefire-plugin/xsd/surefire-test-report-3.0.xsd" version="3.0" name="dk.sdu.smp4.AppTest" time="0.097" tests="1" errors="0" skipped="0" failures="0">
  <properties>
    <property name="java.specification.version" value="23"/>
    <property name="sun.cpu.isalist" value="amd64"/>
    <property name="sun.jnu.encoding" value="Cp1252"/>
    <property name="java.class.path" value="C:\Users\frede\OneDrive - Syddansk Universitet\4. Semester\SMP4\SwaggerGame\HorrorFX\Collision\target\test-classes;C:\Users\frede\.m2\repository\junit\junit\3.8.1\junit-3.8.1.jar;C:\Users\frede\.m2\repository\org\openjfx\javafx-graphics\21.0.2\javafx-graphics-21.0.2.jar;C:\Users\frede\.m2\repository\org\openjfx\javafx-base\21.0.2\javafx-base-21.0.2.jar;"/>
    <property name="java.vm.vendor" value="Oracle Corporation"/>
    <property name="sun.arch.data.model" value="64"/>
    <property name="user.variant" value=""/>
    <property name="java.vendor.url" value="https://java.oracle.com/"/>
    <property name="user.timezone" value="Europe/Copenhagen"/>
    <property name="os.name" value="Windows 11"/>
    <property name="java.vm.specification.version" value="23"/>
    <property name="sun.java.launcher" value="SUN_STANDARD"/>
    <property name="user.country" value="US"/>
    <property name="sun.boot.library.path" value="C:\Users\frede\scoop\apps\openjdk23\current\bin"/>
    <property name="sun.java.command" value="org.apache.maven.surefire.booter.ForkedBooter C:\Users\frede\AppData\Local\Temp\surefire6514079022582052029 2025-03-21T10-14-44_160-jvmRun1 surefire-20250321101457661_1tmp surefire_0-20250321101457661_2tmp"/>
    <property name="jdk.debug" value="release"/>
    <property name="surefire.test.class.path" value="C:\Users\frede\OneDrive - Syddansk Universitet\4. Semester\SMP4\SwaggerGame\HorrorFX\Collision\target\test-classes;C:\Users\frede\.m2\repository\junit\junit\3.8.1\junit-3.8.1.jar;C:\Users\frede\.m2\repository\org\openjfx\javafx-graphics\21.0.2\javafx-graphics-21.0.2.jar;C:\Users\frede\.m2\repository\org\openjfx\javafx-base\21.0.2\javafx-base-21.0.2.jar;"/>
    <property name="sun.cpu.endian" value="little"/>
    <property name="user.home" value="C:\Users\frede"/>
    <property name="user.language" value="en"/>
    <property name="java.specification.vendor" value="Oracle Corporation"/>
    <property name="jdk.module.path" value="C:\Users\frede\OneDrive - Syddansk Universitet\4. Semester\SMP4\SwaggerGame\HorrorFX\Collision\target\classes;C:\Users\frede\OneDrive - Syddansk Universitet\4. Semester\SMP4\SwaggerGame\HorrorFX\Common\target\Common-1.0-SNAPSHOT.jar;C:\Users\frede\.m2\repository\org\openjfx\javafx-graphics\21.0.2\javafx-graphics-21.0.2-win.jar;C:\Users\frede\.m2\repository\org\openjfx\javafx-base\21.0.2\javafx-base-21.0.2-win.jar"/>
    <property name="java.version.date" value="2025-01-21"/>
    <property name="java.home" value="C:\Users\frede\scoop\apps\openjdk23\current"/>
    <property name="file.separator" value="\"/>
    <property name="basedir" value="C:\Users\frede\OneDrive - Syddansk Universitet\4. Semester\SMP4\SwaggerGame\HorrorFX\Collision"/>
    <property name="java.vm.compressedOopsMode" value="32-bit"/>
    <property name="line.separator" value="&#10;"/>
    <property name="java.vm.specification.vendor" value="Oracle Corporation"/>
    <property name="java.specification.name" value="Java Platform API Specification"/>
    <property name="surefire.real.class.path" value="C:\Users\frede\.m2\repository\org\apache\maven\surefire\surefire-booter\3.2.5\surefire-booter-3.2.5.jar;C:\Users\frede\.m2\repository\org\apache\maven\surefire\surefire-api\3.2.5\surefire-api-3.2.5.jar;C:\Users\frede\.m2\repository\org\apache\maven\surefire\surefire-logger-api\3.2.5\surefire-logger-api-3.2.5.jar;C:\Users\frede\.m2\repository\org\apache\maven\surefire\surefire-shared-utils\3.2.5\surefire-shared-utils-3.2.5.jar;C:\Users\frede\.m2\repository\org\apache\maven\surefire\surefire-extensions-spi\3.2.5\surefire-extensions-spi-3.2.5.jar;C:\Users\frede\OneDrive - Syddansk Universitet\4. Semester\SMP4\SwaggerGame\HorrorFX\Collision\target\test-classes;C:\Users\frede\.m2\repository\junit\junit\3.8.1\junit-3.8.1.jar;C:\Users\frede\.m2\repository\org\openjfx\javafx-graphics\21.0.2\javafx-graphics-21.0.2.jar;C:\Users\frede\.m2\repository\org\openjfx\javafx-base\21.0.2\javafx-base-21.0.2.jar;C:\Users\frede\.m2\repository\org\apache\maven\surefire\surefire-junit3\3.2.5\surefire-junit3-3.2.5.jar;C:\Users\frede\.m2\repository\org\apache\maven\surefire\common-java5\3.2.5\common-java5-3.2.5.jar;C:\Users\frede\.m2\repository\org\apache\maven\surefire\common-junit3\3.2.5\common-junit3-3.2.5.jar"/>
    <property name="user.script" value=""/>
    <property name="sun.management.compiler" value="HotSpot 64-Bit Tiered Compilers"/>
    <property name="java.runtime.version" value="23.0.2+7-58"/>
    <property name="user.name" value="frede"/>
    <property name="stdout.encoding" value="Cp1252"/>
    <property name="path.separator" value=";"/>
    <property name="os.version" value="10.0"/>
    <property name="java.runtime.name" value="OpenJDK Runtime Environment"/>
    <property name="file.encoding" value="UTF-8"/>
    <property name="java.vm.name" value="OpenJDK 64-Bit Server VM"/>
    <property name="localRepository" value="C:\Users\frede\.m2\repository"/>
    <property name="java.vendor.url.bug" value="https://bugreport.java.com/bugreport/"/>
    <property name="java.io.tmpdir" value="C:\Users\frede\AppData\Local\Temp\"/>
    <property name="java.version" value="23.0.2"/>
    <property name="user.dir" value="C:\Users\frede\OneDrive - Syddansk Universitet\4. Semester\SMP4\SwaggerGame\HorrorFX\Collision"/>
    <property name="os.arch" value="amd64"/>
    <property name="java.vm.specification.name" value="Java Virtual Machine Specification"/>
    <property name="sun.os.patch.level" value=""/>
    <property name="native.encoding" value="Cp1252"/>
    <property name="java.library.path" value="C:\Users\frede\scoop\apps\openjdk23\current\bin;C:\WINDOWS\Sun\Java\bin;C:\WINDOWS\system32;C:\WINDOWS;C:\Program Files\Common Files\Oracle\Java\javapath;C:\Program Files (x86)\Common Files\Oracle\Java\java8path;C:\Program Files (x86)\Common Files\Oracle\Java\javapath;C:\Windows\system32;C:\Windows;C:\Windows\System32\Wbem;C:\Windows\System32\WindowsPowerShell\v1.0\;C:\Windows\System32\OpenSSH\;C:\Program Files\Git\cmd;C:\Program Files\Kubernetes\Minikube;C:\Program Files\Docker\Docker\resources\bin;C:\Program Files\dotnet\;C:\Program Files\apache-maven-3.9.9\bin;C:\Users\frede\AppData\Local\Programs\Python\Python313;C:\Users\frede\AppData\Local\Programs\Python\Python313\Scripts;C:\Program Files\apache-ant-1-10-15\apache-ant-1.10.15-bin\bin;;%SystemRoot%\system32;%SystemRoot%;%SystemRoot%\System32\Wbem;%SYSTEMROOT%\System32\WindowsPowerShell\v1.0\;%SYSTEMROOT%\System32\OpenSSH\;C:\Users\frede\scoop\apps\openjdk23\current\bin;C:\Users\frede\scoop\apps\openjdk9\current\bin;C:\Users\frede\scoop\shims;C:\Users\frede\AppData\Local\Programs\Python\Python313;C:\Users\frede\AppData\Local\Microsoft\WindowsApps;C:\Users\frede\AppData\Local\JetBrains\Toolbox\scripts;C:\Users\frede\AppData\Local\Programs\Microsoft VS Code\bin;C:\Users\frede\.dotnet\tools;C:\Users\frede\AppData\Local\Microsoft\WindowsApps;."/>
    <property name="java.vm.info" value="mixed mode"/>
    <property name="stderr.encoding" value="Cp1252"/>
    <property name="java.vendor" value="Oracle Corporation"/>
    <property name="java.vm.version" value="23.0.2+7-58"/>
    <property name="sun.io.unicode.encoding" value="UnicodeLittle"/>
    <property name="java.class.version" value="67.0"/>
  </properties>
  <testcase name="testApp" classname="dk.sdu.smp4.AppTest" time="0.003"/>
</testsuite>